<?xml version="1.0" encoding="UTF-8"?>
<testsuites>
  <testsuite name="unit" tests="49" assertions="172" failures="0" errors="0" time="69.846109">
    <testsuite name="UserIdentityTest" file="/var/www/cloudbudgets.com/protected/tests/unit/components/UserIdentityTest.php" tests="4" assertions="9" failures="0" errors="0" time="0.226412">
      <testcase name="testEncodePassword" class="UserIdentityTest" file="/var/www/cloudbudgets.com/protected/tests/unit/components/UserIdentityTest.php" line="10" assertions="1" time="0.148775"/>
      <testcase name="testLoginWithCorrectCredentials" class="UserIdentityTest" file="/var/www/cloudbudgets.com/protected/tests/unit/components/UserIdentityTest.php" line="18" assertions="2" time="0.019242"/>
      <testcase name="testLoginWithIncorrectCorrectCredentials" class="UserIdentityTest" file="/var/www/cloudbudgets.com/protected/tests/unit/components/UserIdentityTest.php" line="27" assertions="4" time="0.020231"/>
      <testcase name="testLoginUnsuccessfulWithInactiveUser" class="UserIdentityTest" file="/var/www/cloudbudgets.com/protected/tests/unit/components/UserIdentityTest.php" line="40" assertions="2" time="0.038164"/>
    </testsuite>
    <testsuite name="AccountTest" file="/var/www/cloudbudgets.com/protected/tests/unit/models/AccountTest.php" tests="7" assertions="21" failures="0" errors="0" time="0.387671">
      <testcase name="testActualBalanceFilledAfterCreate" class="AccountTest" file="/var/www/cloudbudgets.com/protected/tests/unit/models/AccountTest.php" line="12" assertions="2" time="0.055843"/>
      <testcase name="testActualBalanceFilledWithInitialBalanceAfterCreate" class="AccountTest" file="/var/www/cloudbudgets.com/protected/tests/unit/models/AccountTest.php" line="22" assertions="2" time="0.049245"/>
      <testcase name="testActiveScope" class="AccountTest" file="/var/www/cloudbudgets.com/protected/tests/unit/models/AccountTest.php" line="33" assertions="6" time="0.054548"/>
      <testcase name="testDeleteWithDeletingTransactions" class="AccountTest" file="/var/www/cloudbudgets.com/protected/tests/unit/models/AccountTest.php" line="51" assertions="3" time="0.060222"/>
      <testcase name="testMoveTransactionsToAccount" class="AccountTest" file="/var/www/cloudbudgets.com/protected/tests/unit/models/AccountTest.php" line="64" assertions="4" time="0.059434"/>
      <testcase name="testGetOrCreateModelByName" class="AccountTest" file="/var/www/cloudbudgets.com/protected/tests/unit/models/AccountTest.php" line="81" assertions="3" time="0.066775"/>
      <testcase name="testAttributeLabelsReturnsArray" class="AccountTest" file="/var/www/cloudbudgets.com/protected/tests/unit/models/AccountTest.php" line="92" assertions="1" time="0.041603"/>
    </testsuite>
    <testsuite name="BudgetTest" file="/var/www/cloudbudgets.com/protected/tests/unit/models/BudgetTest.php" tests="7" assertions="23" failures="0" errors="0" time="0.862650">
      <testcase name="testActiveScopeWorks" class="BudgetTest" file="/var/www/cloudbudgets.com/protected/tests/unit/models/BudgetTest.php" line="30" assertions="5" time="0.093981"/>
      <testcase name="testForUserWorksWithBudgetOwner" class="BudgetTest" file="/var/www/cloudbudgets.com/protected/tests/unit/models/BudgetTest.php" line="51" assertions="2" time="0.115084"/>
      <testcase name="testForUserReturnsNullWithNonBudgetOwner" class="BudgetTest" file="/var/www/cloudbudgets.com/protected/tests/unit/models/BudgetTest.php" line="63" assertions="2" time="0.055217"/>
      <testcase name="testNegativeLimitIsInvalid" class="BudgetTest" file="/var/www/cloudbudgets.com/protected/tests/unit/models/BudgetTest.php" line="75" assertions="2" time="0.100264"/>
      <testcase name="testTransactionSumInBudgetWithDirectCategoryBudget" class="BudgetTest" file="/var/www/cloudbudgets.com/protected/tests/unit/models/BudgetTest.php" line="108" assertions="4" time="0.162528"/>
      <testcase name="testTransactionSumInBudgetWithParentCategoryBudget" class="BudgetTest" file="/var/www/cloudbudgets.com/protected/tests/unit/models/BudgetTest.php" line="120" assertions="3" time="0.166170"/>
      <testcase name="testgetBalanceForMonth" class="BudgetTest" file="/var/www/cloudbudgets.com/protected/tests/unit/models/BudgetTest.php" line="132" assertions="5" time="0.169406"/>
    </testsuite>
    <testsuite name="CategoryTest" file="/var/www/cloudbudgets.com/protected/tests/unit/models/CategoryTest.php" tests="2" assertions="5" failures="0" errors="0" time="0.119334">
      <testcase name="testGetOrCreateModelByName" class="CategoryTest" file="/var/www/cloudbudgets.com/protected/tests/unit/models/CategoryTest.php" line="17" assertions="2" time="0.063416"/>
      <testcase name="testGetOrCreateModelByNameWontReturnCategoryWithWrongUser" class="CategoryTest" file="/var/www/cloudbudgets.com/protected/tests/unit/models/CategoryTest.php" line="28" assertions="3" time="0.055918"/>
    </testsuite>
    <testsuite name="CurrencyTest" file="/var/www/cloudbudgets.com/protected/tests/unit/models/CurrencyTest.php" tests="1" assertions="1" failures="0" errors="0" time="0.001923">
      <testcase name="testAkarmi" class="CurrencyTest" file="/var/www/cloudbudgets.com/protected/tests/unit/models/CurrencyTest.php" line="5" assertions="1" time="0.001923"/>
    </testsuite>
    <testsuite name="TransactionTest" file="/var/www/cloudbudgets.com/protected/tests/unit/models/TransactionTest.php" tests="10" assertions="73" failures="0" errors="0" time="2.836067">
      <testcase name="testAmountIsNegativeWhenExpense" class="TransactionTest" file="/var/www/cloudbudgets.com/protected/tests/unit/models/TransactionTest.php" line="12" assertions="2" time="0.171079"/>
      <testcase name="testAmountIsPositiveWhenIncome" class="TransactionTest" file="/var/www/cloudbudgets.com/protected/tests/unit/models/TransactionTest.php" line="26" assertions="1" time="0.134746"/>
      <testcase name="testAccountsActualBalanceIsUpdated" class="TransactionTest" file="/var/www/cloudbudgets.com/protected/tests/unit/models/TransactionTest.php" line="37" assertions="2" time="0.250322"/>
      <testcase name="testActualBalanceIsRightForAccount" class="TransactionTest" file="/var/www/cloudbudgets.com/protected/tests/unit/models/TransactionTest.php" line="74" assertions="40" time="0.821093"/>
      <testcase name="testTransferNeedDifferentToAccount" class="TransactionTest" file="/var/www/cloudbudgets.com/protected/tests/unit/models/TransactionTest.php" line="259" assertions="2" time="0.058838"/>
      <testcase name="testTransferTransactionIsCreatedAfterTransferSave" class="TransactionTest" file="/var/www/cloudbudgets.com/protected/tests/unit/models/TransactionTest.php" line="269" assertions="10" time="0.246817"/>
      <testcase name="testTransferBecomesIncome" class="TransactionTest" file="/var/www/cloudbudgets.com/protected/tests/unit/models/TransactionTest.php" line="289" assertions="7" time="0.495323"/>
      <testcase name="testDeletingTransferDeletesTransferTransactionToo" class="TransactionTest" file="/var/www/cloudbudgets.com/protected/tests/unit/models/TransactionTest.php" line="323" assertions="4" time="0.311853"/>
      <testcase name="testGetConnectedTransaction" class="TransactionTest" file="/var/www/cloudbudgets.com/protected/tests/unit/models/TransactionTest.php" line="342" assertions="2" time="0.238811"/>
      <testcase name="testNotTransferTransationsGetConnectedTransactionGivesItself" class="TransactionTest" file="/var/www/cloudbudgets.com/protected/tests/unit/models/TransactionTest.php" line="354" assertions="3" time="0.107185"/>
    </testsuite>
    <testsuite name="UserTest" file="/var/www/cloudbudgets.com/protected/tests/unit/models/UserTest.php" tests="18" assertions="40" failures="0" errors="0" time="65.412053">
      <testcase name="testPasswordEncodedAfterRegister" class="UserTest" file="/var/www/cloudbudgets.com/protected/tests/unit/models/UserTest.php" line="41" assertions="1" time="0.952275"/>
      <testcase name="testActivationCodeGeneratedAfterRegister" class="UserTest" file="/var/www/cloudbudgets.com/protected/tests/unit/models/UserTest.php" line="56" assertions="1" time="1.834647"/>
      <testcase name="testStatusIsInactiveAfterRegister" class="UserTest" file="/var/www/cloudbudgets.com/protected/tests/unit/models/UserTest.php" line="62" assertions="1" time="2.822391"/>
      <testcase name="testBaseCategoriesCreatedAfterRegister" class="UserTest" file="/var/www/cloudbudgets.com/protected/tests/unit/models/UserTest.php" line="68" assertions="2" time="3.849089"/>
      <testcase name="testSavingUserSeveralTimesWontRecreateBaseCategoriesEachTime" class="UserTest" file="/var/www/cloudbudgets.com/protected/tests/unit/models/UserTest.php" line="82" assertions="3" time="5.620045"/>
      <testcase name="testStatusIsActiveAfterRegisterVerify" class="UserTest" file="/var/www/cloudbudgets.com/protected/tests/unit/models/UserTest.php" line="102" assertions="1" time="8.096150"/>
      <testcase name="testActivationCodeIsNullAfterRegisterVerify" class="UserTest" file="/var/www/cloudbudgets.com/protected/tests/unit/models/UserTest.php" line="109" assertions="1" time="9.195876"/>
      <testcase name="testActiveScopeReturnsOnlyActiveUser" class="UserTest" file="/var/www/cloudbudgets.com/protected/tests/unit/models/UserTest.php" line="116" assertions="3" time="10.026324"/>
      <testcase name="testInActiveScopeReturnsOnlyInActiveUser" class="UserTest" file="/var/www/cloudbudgets.com/protected/tests/unit/models/UserTest.php" line="131" assertions="3" time="10.989813"/>
      <testcase name="testGetAccountByType" class="UserTest" file="/var/www/cloudbudgets.com/protected/tests/unit/models/UserTest.php" line="146" assertions="0" time="11.404363"/>
      <testcase name="testGetAccountsAsDropDownListSource" class="UserTest" file="/var/www/cloudbudgets.com/protected/tests/unit/models/UserTest.php" line="159" assertions="6" time="0.083304"/>
      <testcase name="testGetCategoriesAsDropDownListSource" class="UserTest" file="/var/www/cloudbudgets.com/protected/tests/unit/models/UserTest.php" line="172" assertions="6" time="0.122279"/>
      <testcase name="testHasRightToOwnAccount" class="UserTest" file="/var/www/cloudbudgets.com/protected/tests/unit/models/UserTest.php" line="185" assertions="2" time="0.070549"/>
      <testcase name="testDoesNotHaveRightToOthersAccount" class="UserTest" file="/var/www/cloudbudgets.com/protected/tests/unit/models/UserTest.php" line="194" assertions="2" time="0.067391"/>
      <testcase name="testHasRightToOwnCategory" class="UserTest" file="/var/www/cloudbudgets.com/protected/tests/unit/models/UserTest.php" line="203" assertions="2" time="0.065351"/>
      <testcase name="testDoesNotHaveRightToOthersCategory" class="UserTest" file="/var/www/cloudbudgets.com/protected/tests/unit/models/UserTest.php" line="212" assertions="2" time="0.066902"/>
      <testcase name="testHasRightToOwnTransaction" class="UserTest" file="/var/www/cloudbudgets.com/protected/tests/unit/models/UserTest.php" line="221" assertions="2" time="0.072183"/>
      <testcase name="testDoesNotHaveRightToOthersTransaction" class="UserTest" file="/var/www/cloudbudgets.com/protected/tests/unit/models/UserTest.php" line="230" assertions="2" time="0.073121"/>
    </testsuite>
  </testsuite>
</testsuites>
