[2013-01-19 22:09:32] SimpleTest::testSavingUser.INFO: see in database "users","name="Valaki"" [] []
[2013-01-19 22:09:32] SimpleTest::testSavingUser.ALERT: 2 Invalid argument supplied for foreach() [] []
[2013-01-19 22:09:32] SimpleTest::testSavingUser.INFO: # ERROR # [] []
[2013-01-19 22:09:32] SimpleTest::testSavingUser.INFO: PASSED [] []
[2013-01-19 22:11:44] SimpleTest::testSavingUser.INFO: PASSED [] []
[2013-01-19 22:12:31] SimpleTest::testSavingUser.INFO: see in database "user","name="Valaki"" [] []
[2013-01-19 22:12:31] SimpleTest::testSavingUser.ALERT: 2 Invalid argument supplied for foreach() [] []
[2013-01-19 22:12:31] SimpleTest::testSavingUser.INFO: # ERROR # [] []
[2013-01-19 22:12:31] SimpleTest::testSavingUser.INFO: PASSED [] []
[2013-01-19 22:26:52] SimpleTest::testSavingUser.INFO: see in database "user","name="Valaki"" [] []
[2013-01-19 22:26:52] SimpleTest::testSavingUser.ALERT: 2 Invalid argument supplied for foreach() [] []
[2013-01-19 22:26:52] SimpleTest::testSavingUser.INFO: # ERROR # [] []
[2013-01-19 22:26:52] SimpleTest::testSavingUser.INFO: PASSED [] []
[2013-01-19 22:27:20] SimpleTest::testSavingUser.INFO: see in database "user","name="Valaki"" [] []
[2013-01-19 22:27:20] SimpleTest::testSavingUser.ALERT: 2 Invalid argument supplied for foreach() [] []
[2013-01-19 22:27:20] SimpleTest::testSavingUser.INFO: # ERROR # [] []
[2013-01-19 22:27:20] SimpleTest::testSavingUser.INFO: PASSED [] []
[2013-01-19 22:28:53] SimpleTest::testSavingUser.INFO: see in database "user","name="Valaki"" [] []
[2013-01-19 22:28:53] SimpleTest::testSavingUser.ALERT: 2 Invalid argument supplied for foreach() [] []
[2013-01-19 22:28:53] SimpleTest::testSavingUser.INFO: # ERROR # [] []
[2013-01-19 22:28:53] SimpleTest::testSavingUser.INFO: PASSED [] []
[2013-01-19 22:29:28] SimpleTest::testSavingUser.INFO: see in database "user","name="Valaki"" [] []
[2013-01-19 22:29:28] SimpleTest::testSavingUser.ALERT: 2 Invalid argument supplied for foreach() [] []
[2013-01-19 22:29:28] SimpleTest::testSavingUser.INFO: # ERROR # [] []
[2013-01-19 22:29:28] SimpleTest::testSavingUser.INFO: PASSED [] []
[2013-01-19 22:29:42] SimpleTest::testSavingUser.INFO: see in database "user","name="Valaki"" [] []
[2013-01-19 22:29:42] SimpleTest::testSavingUser.ALERT: 2 Invalid argument supplied for foreach() [] []
[2013-01-19 22:29:42] SimpleTest::testSavingUser.INFO: # ERROR # [] []
[2013-01-19 22:29:42] SimpleTest::testSavingUser.INFO: PASSED [] []
[2013-01-19 22:30:11] SimpleTest::testSavingUser.INFO: see in database "user","name="Valaki"" [] []
[2013-01-19 22:30:11] SimpleTest::testSavingUser.ALERT: 2 Invalid argument supplied for foreach() [] []
[2013-01-19 22:30:11] SimpleTest::testSavingUser.INFO: # ERROR # [] []
[2013-01-19 22:30:11] SimpleTest::testSavingUser.INFO: PASSED [] []
[2013-01-19 22:31:43] SimpleTest::testSavingUser.INFO: see in database "user","name="Valaki"" [] []
[2013-01-19 22:31:43] SimpleTest::testSavingUser.ALERT: 2 Invalid argument supplied for foreach() [] []
[2013-01-19 22:31:43] SimpleTest::testSavingUser.INFO: # ERROR # [] []
[2013-01-19 22:31:43] SimpleTest::testSavingUser.INFO: PASSED [] []
[2013-01-19 22:31:54] SimpleTest::testSavingUser.INFO: see in database "user","name="Valaki"" [] []
[2013-01-19 22:31:54] SimpleTest::testSavingUser.ALERT: 2 Invalid argument supplied for foreach() [] []
[2013-01-19 22:31:54] SimpleTest::testSavingUser.INFO: # ERROR # [] []
[2013-01-19 22:31:54] SimpleTest::testSavingUser.INFO: PASSED [] []
[2013-01-19 22:33:27] SimpleTest::testSavingUser.INFO: see in database "user","name="Valaki"" [] []
[2013-01-19 22:33:27] SimpleTest::testSavingUser.ALERT: 2 Invalid argument supplied for foreach() [] []
[2013-01-19 22:33:27] SimpleTest::testSavingUser.INFO: # ERROR # [] []
[2013-01-19 22:33:27] SimpleTest::testSavingUser.INFO: PASSED [] []
[2013-01-19 22:33:44] SimpleTest::testSavingUser.INFO: see in database "user","name="Valaki"" [] []
[2013-01-19 22:33:44] SimpleTest::testSavingUser.ALERT: 2 Invalid argument supplied for foreach() [] []
[2013-01-19 22:33:44] SimpleTest::testSavingUser.INFO: # ERROR # [] []
[2013-01-19 22:33:44] SimpleTest::testSavingUser.INFO: PASSED [] []
[2013-01-19 22:37:32] SimpleTest::testSavingUser.INFO: see in database "user","name="Valaki"" [] []
[2013-01-19 22:37:32] SimpleTest::testSavingUser.ALERT: 2 Invalid argument supplied for foreach() [] []
[2013-01-19 22:37:32] SimpleTest::testSavingUser.INFO: # ERROR # [] []
[2013-01-19 22:37:32] SimpleTest::testSavingUser.INFO: PASSED [] []
[2013-01-19 22:37:51] SimpleTest::testSavingUser.INFO: see in database "user","name="Valaki"" [] []
[2013-01-19 22:37:51] SimpleTest::testSavingUser.ALERT: 2 Invalid argument supplied for foreach() [] []
[2013-01-19 22:37:51] SimpleTest::testSavingUser.INFO: # ERROR # [] []
[2013-01-19 22:37:51] SimpleTest::testSavingUser.INFO: PASSED [] []
[2013-01-19 22:38:05] SimpleTest::testSavingUser.INFO: see in database "user","name="Valaki"" [] []
[2013-01-19 22:38:05] SimpleTest::testSavingUser.ALERT: 2 Invalid argument supplied for foreach() [] []
[2013-01-19 22:38:05] SimpleTest::testSavingUser.INFO: # ERROR # [] []
[2013-01-19 22:38:05] SimpleTest::testSavingUser.INFO: PASSED [] []
[2013-01-19 22:38:58] SimpleTest::testSavingUser.INFO: see in database "user","name="Valaki"" [] []
[2013-01-19 22:38:58] SimpleTest::testSavingUser.ALERT: 2 Invalid argument supplied for foreach() [] []
[2013-01-19 22:38:58] SimpleTest::testSavingUser.INFO: # ERROR # [] []
[2013-01-19 22:38:58] SimpleTest::testSavingUser.INFO: PASSED [] []
[2013-01-19 22:40:05] SimpleTest::testSavingUser.INFO: see in database "user","name="Valaki"" [] []
[2013-01-19 22:40:05] SimpleTest::testSavingUser.ALERT: 2 Invalid argument supplied for foreach() [] []
[2013-01-19 22:40:05] SimpleTest::testSavingUser.INFO: # ERROR # [] []
[2013-01-19 22:40:05] SimpleTest::testSavingUser.INFO: PASSED [] []
[2013-01-19 22:41:39] SimpleTest::testSavingUser.INFO: see in database "user","name="Valaki"" [] []
[2013-01-19 22:41:39] SimpleTest::testSavingUser.ALERT: 2 Invalid argument supplied for foreach() [] []
[2013-01-19 22:41:39] SimpleTest::testSavingUser.INFO: # ERROR # [] []
[2013-01-19 22:41:39] SimpleTest::testSavingUser.INFO: PASSED [] []
[2013-01-19 22:42:00] SimpleTest::testSavingUser.INFO: see in database "user","name="Valaki"" [] []
[2013-01-19 22:42:00] SimpleTest::testSavingUser.ALERT: 2 Invalid argument supplied for foreach() [] []
[2013-01-19 22:42:00] SimpleTest::testSavingUser.INFO: # ERROR # [] []
[2013-01-19 22:42:00] SimpleTest::testSavingUser.INFO: PASSED [] []
[2013-01-19 22:44:56] SimpleTest::testSavingUser.INFO: see in database "user","name="Valaki"" [] []
[2013-01-19 22:44:56] SimpleTest::testSavingUser.ALERT: 2 Invalid argument supplied for foreach() [] []
[2013-01-19 22:44:56] SimpleTest::testSavingUser.INFO: # ERROR # [] []
[2013-01-19 22:44:56] SimpleTest::testSavingUser.INFO: PASSED [] []
[2013-01-19 22:45:11] SimpleTest::testSavingUser.INFO: see in database "user","name="Valaki"" [] []
[2013-01-19 22:45:11] SimpleTest::testSavingUser.ALERT: 2 Invalid argument supplied for foreach() [] []
[2013-01-19 22:45:11] SimpleTest::testSavingUser.INFO: # ERROR # [] []
[2013-01-19 22:45:11] SimpleTest::testSavingUser.INFO: PASSED [] []
[2013-01-19 22:45:48] SimpleTest::testSavingUser.INFO: see in database "user","name="Valaki"" [] []
[2013-01-19 22:45:48] SimpleTest::testSavingUser.ALERT: 2 Invalid argument supplied for foreach() [] []
[2013-01-19 22:45:48] SimpleTest::testSavingUser.INFO: # ERROR # [] []
[2013-01-19 22:45:48] SimpleTest::testSavingUser.INFO: PASSED [] []
[2013-01-19 22:45:59] SimpleTest::testSavingUser.INFO: see in database "user","name="Valaki"" [] []
[2013-01-19 22:45:59] SimpleTest::testSavingUser.ALERT: 2 Invalid argument supplied for foreach() [] []
[2013-01-19 22:45:59] SimpleTest::testSavingUser.INFO: # ERROR # [] []
[2013-01-19 22:45:59] SimpleTest::testSavingUser.INFO: PASSED [] []
[2013-01-19 22:46:28] SimpleTest::testSavingUser.INFO: see in database "user","name="Valaki"" [] []
[2013-01-19 22:46:28] SimpleTest::testSavingUser.ALERT: 2 Invalid argument supplied for foreach() [] []
[2013-01-19 22:46:28] SimpleTest::testSavingUser.INFO: # ERROR # [] []
[2013-01-19 22:46:28] SimpleTest::testSavingUser.INFO: PASSED [] []
[2013-01-19 22:46:55] SimpleTest::testSavingUser.INFO: see in database "user","name="Valaki"" [] []
[2013-01-19 22:46:55] SimpleTest::testSavingUser.ALERT: 2 Invalid argument supplied for foreach() [] []
[2013-01-19 22:46:55] SimpleTest::testSavingUser.INFO: # ERROR # [] []
[2013-01-19 22:46:55] SimpleTest::testSavingUser.INFO: PASSED [] []
[2013-01-19 22:47:22] SimpleTest::testSavingUser.INFO: see in database "user","name="Valaki"" [] []
[2013-01-19 22:47:22] SimpleTest::testSavingUser.ALERT: 2 Invalid argument supplied for foreach() [] []
[2013-01-19 22:47:22] SimpleTest::testSavingUser.INFO: # ERROR # [] []
[2013-01-19 22:47:22] SimpleTest::testSavingUser.INFO: PASSED [] []
[2013-01-19 22:47:28] SimpleTest::testSavingUser.INFO: see in database "user","name="Valaki"" [] []
[2013-01-19 22:47:28] SimpleTest::testSavingUser.ALERT: 2 Invalid argument supplied for foreach() [] []
[2013-01-19 22:47:28] SimpleTest::testSavingUser.INFO: # ERROR # [] []
[2013-01-19 22:47:28] SimpleTest::testSavingUser.INFO: PASSED [] []
[2013-01-19 22:48:33] SimpleTest::testSavingUser.INFO: see in database "user","name="Valaki"" [] []
[2013-01-19 22:48:33] SimpleTest::testSavingUser.ALERT: 2 Invalid argument supplied for foreach() [] []
[2013-01-19 22:48:33] SimpleTest::testSavingUser.INFO: # ERROR # [] []
[2013-01-19 22:48:33] SimpleTest::testSavingUser.INFO: PASSED [] []
[2013-01-19 22:49:15] SimpleTest::testSavingUser.INFO: see in database "user","name="Valaki"" [] []
[2013-01-19 22:49:15] SimpleTest::testSavingUser.ALERT: 2 Invalid argument supplied for foreach() [] []
[2013-01-19 22:49:15] SimpleTest::testSavingUser.INFO: # ERROR # [] []
[2013-01-19 22:49:15] SimpleTest::testSavingUser.INFO: PASSED [] []
[2013-01-19 22:49:39] SimpleTest::testSavingUser.INFO: see in database "user","name="Valaki"" [] []
[2013-01-19 22:49:39] SimpleTest::testSavingUser.ALERT: 2 Invalid argument supplied for foreach() [] []
[2013-01-19 22:49:39] SimpleTest::testSavingUser.INFO: # ERROR # [] []
[2013-01-19 22:49:39] SimpleTest::testSavingUser.INFO: PASSED [] []
[2013-01-19 22:49:50] SimpleTest::testSavingUser.INFO: see in database "user","name="Valaki"" [] []
[2013-01-19 22:49:50] SimpleTest::testSavingUser.ALERT: 2 Invalid argument supplied for foreach() [] []
[2013-01-19 22:49:50] SimpleTest::testSavingUser.INFO: # ERROR # [] []
[2013-01-19 22:49:50] SimpleTest::testSavingUser.INFO: PASSED [] []
[2013-01-19 22:49:59] SimpleTest::testSavingUser.INFO: see in database "user","name="Valaki"" [] []
[2013-01-19 22:49:59] SimpleTest::testSavingUser.ALERT: 2 Invalid argument supplied for foreach() [] []
[2013-01-19 22:49:59] SimpleTest::testSavingUser.INFO: # ERROR # [] []
[2013-01-19 22:49:59] SimpleTest::testSavingUser.INFO: PASSED [] []
[2013-01-19 22:50:15] SimpleTest::testSavingUser.INFO: see in database "user","name="Valaki"" [] []
[2013-01-19 22:50:15] SimpleTest::testSavingUser.ALERT: 2 Invalid argument supplied for foreach() [] []
[2013-01-19 22:50:15] SimpleTest::testSavingUser.INFO: # ERROR # [] []
[2013-01-19 22:50:15] SimpleTest::testSavingUser.INFO: PASSED [] []
[2013-01-19 22:50:47] SimpleTest::testSavingUser.INFO: see in database "user","name="Valaki"" [] []
[2013-01-19 22:50:47] SimpleTest::testSavingUser.ALERT: 2 Invalid argument supplied for foreach() [] []
[2013-01-19 22:50:47] SimpleTest::testSavingUser.INFO: # ERROR # [] []
[2013-01-19 22:50:47] SimpleTest::testSavingUser.INFO: PASSED [] []
[2013-01-19 22:51:04] SimpleTest::testSavingUser.INFO: see in database "user","name="Valaki"" [] []
[2013-01-19 22:51:04] SimpleTest::testSavingUser.ALERT: 2 Invalid argument supplied for foreach() [] []
[2013-01-19 22:51:04] SimpleTest::testSavingUser.INFO: # ERROR # [] []
[2013-01-19 22:51:04] SimpleTest::testSavingUser.INFO: PASSED [] []
[2013-01-19 22:54:00] SimpleTest::testSavingUser.INFO: see in database "user",{"name":"Valaki"} [] []
[2013-01-19 22:54:00] SimpleTest::testSavingUser.ALERT: Failed asserting that '0' is greater than 0. [] []
[2013-01-19 22:54:00] SimpleTest::testSavingUser.INFO: # FAILED # [] []
[2013-01-19 22:54:00] SimpleTest::testSavingUser.INFO: PASSED [] []
[2013-01-19 22:54:56] SimpleTest::testSavingUser.ALERT: CDbCommand failed to execute the SQL statement: SQLSTATE[23000]: Integrity constraint violation: 1452 Cannot add or update a child row: a foreign key constraint fails (`cloudbudgets_test`.`user`, CONSTRAINT `user_ibfk_1` FOREIGN KEY (`country_id`) REFERENCES `country` (`id`)) [] []
[2013-01-19 22:54:56] SimpleTest::testSavingUser.INFO: # ERROR # [] []
[2013-01-19 22:54:56] SimpleTest::testSavingUser.INFO: PASSED [] []
[2013-01-19 22:56:22] SimpleTest::testSavingUser.INFO: see in database "user",{"name":"Pu00e9ter"} [] []
[2013-01-19 22:56:22] SimpleTest::testSavingUser.ALERT: Failed asserting that '0' is greater than 0. [] []
[2013-01-19 22:56:22] SimpleTest::testSavingUser.INFO: # FAILED # [] []
[2013-01-19 22:56:22] SimpleTest::testSavingUser.INFO: PASSED [] []
[2013-01-19 22:56:31] SimpleTest::testSavingUser.INFO: see in database "user",{"name":"Pu00e9ter"} [] []
[2013-01-19 22:56:31] SimpleTest::testSavingUser.ALERT: Failed asserting that '0' is greater than 0. [] []
[2013-01-19 22:56:31] SimpleTest::testSavingUser.INFO: # FAILED # [] []
[2013-01-19 22:56:31] SimpleTest::testSavingUser.INFO: PASSED [] []
[2013-01-19 22:57:00] SimpleTest::testSavingUser.INFO: see in database "user",{"name":"Peter"} [] []
[2013-01-19 22:57:00] SimpleTest::testSavingUser.INFO: PASSED [] []
[2013-01-19 23:02:16] SimpleTest::testSavingUser.INFO: see in database "user",{"name":"Peter"} [] []
[2013-01-19 23:02:16] SimpleTest::testSavingUser.INFO: PASSED [] []
