<?xml version="1.0" encoding="UTF-8"?>
<testsuites>
  <testsuite name="unit/" tests="39" assertions="143" failures="0" errors="0" time="6.252523">
    <testsuite name="UserIdentityTest" file="/var/www/cloudbudgets.com/protected/tests_yii/unit/components/UserIdentityTest.php" tests="4" assertions="9" failures="0" errors="0" time="0.073916">
      <testcase name="testEncodePassword" class="UserIdentityTest" file="/var/www/cloudbudgets.com/protected/tests_yii/unit/components/UserIdentityTest.php" line="10" assertions="1" time="0.048021"/>
      <testcase name="testLoginWithCorrectCredentials" class="UserIdentityTest" file="/var/www/cloudbudgets.com/protected/tests_yii/unit/components/UserIdentityTest.php" line="18" assertions="2" time="0.007099"/>
      <testcase name="testLoginWithIncorrectCorrectCredentials" class="UserIdentityTest" file="/var/www/cloudbudgets.com/protected/tests_yii/unit/components/UserIdentityTest.php" line="27" assertions="4" time="0.006030"/>
      <testcase name="testLoginUnsuccessfulWithInactiveUser" class="UserIdentityTest" file="/var/www/cloudbudgets.com/protected/tests_yii/unit/components/UserIdentityTest.php" line="40" assertions="2" time="0.012766"/>
    </testsuite>
    <testsuite name="AccountTest" file="/var/www/cloudbudgets.com/protected/tests_yii/unit/models/AccountTest.php" tests="7" assertions="21" failures="0" errors="0" time="0.146315">
      <testcase name="testActualBalanceFilledAfterCreate" class="AccountTest" file="/var/www/cloudbudgets.com/protected/tests_yii/unit/models/AccountTest.php" line="12" assertions="2" time="0.021063"/>
      <testcase name="testActualBalanceFilledWithInitialBalanceAfterCreate" class="AccountTest" file="/var/www/cloudbudgets.com/protected/tests_yii/unit/models/AccountTest.php" line="22" assertions="2" time="0.015342"/>
      <testcase name="testActiveScope" class="AccountTest" file="/var/www/cloudbudgets.com/protected/tests_yii/unit/models/AccountTest.php" line="33" assertions="6" time="0.016646"/>
      <testcase name="testDeleteWithDeletingTransactions" class="AccountTest" file="/var/www/cloudbudgets.com/protected/tests_yii/unit/models/AccountTest.php" line="51" assertions="3" time="0.018044"/>
      <testcase name="testMoveTransactionsToAccount" class="AccountTest" file="/var/www/cloudbudgets.com/protected/tests_yii/unit/models/AccountTest.php" line="64" assertions="4" time="0.017610"/>
      <testcase name="testGetOrCreateModelByName" class="AccountTest" file="/var/www/cloudbudgets.com/protected/tests_yii/unit/models/AccountTest.php" line="81" assertions="3" time="0.043913"/>
      <testcase name="testAttributeLabelsReturnsArray" class="AccountTest" file="/var/www/cloudbudgets.com/protected/tests_yii/unit/models/AccountTest.php" line="92" assertions="1" time="0.013697"/>
    </testsuite>
    <testsuite name="CategoryTest" file="/var/www/cloudbudgets.com/protected/tests_yii/unit/models/CategoryTest.php" tests="2" assertions="5" failures="0" errors="0" time="0.033789">
      <testcase name="testGetOrCreateModelByName" class="CategoryTest" file="/var/www/cloudbudgets.com/protected/tests_yii/unit/models/CategoryTest.php" line="11" assertions="2" time="0.019140"/>
      <testcase name="testGetOrCreateModelByNameWontReturnCategoryWithWrongUser" class="CategoryTest" file="/var/www/cloudbudgets.com/protected/tests_yii/unit/models/CategoryTest.php" line="22" assertions="3" time="0.014649"/>
    </testsuite>
    <testsuite name="CurrencyTest" file="/var/www/cloudbudgets.com/protected/tests_yii/unit/models/CurrencyTest.php" tests="1" assertions="1" failures="0" errors="0" time="0.000556">
      <testcase name="testAkarmi" class="CurrencyTest" file="/var/www/cloudbudgets.com/protected/tests_yii/unit/models/CurrencyTest.php" line="5" assertions="1" time="0.000556"/>
    </testsuite>
    <testsuite name="TransactionTest" file="/var/www/cloudbudgets.com/protected/tests_yii/unit/models/TransactionTest.php" tests="8" assertions="70" failures="0" errors="0" time="0.446850">
      <testcase name="testAccountsActualBalanceIsUpdated" class="TransactionTest" file="/var/www/cloudbudgets.com/protected/tests_yii/unit/models/TransactionTest.php" line="37" assertions="2" time="0.049312"/>
      <testcase name="testActualBalanceIsRightForAccount" class="TransactionTest" file="/var/www/cloudbudgets.com/protected/tests_yii/unit/models/TransactionTest.php" line="74" assertions="40" time="0.140642"/>
      <testcase name="testTransferNeedDifferentToAccount" class="TransactionTest" file="/var/www/cloudbudgets.com/protected/tests_yii/unit/models/TransactionTest.php" line="259" assertions="2" time="0.017734"/>
      <testcase name="testTransferTransactionIsCreatedAfterTransferSave" class="TransactionTest" file="/var/www/cloudbudgets.com/protected/tests_yii/unit/models/TransactionTest.php" line="269" assertions="10" time="0.040186"/>
      <testcase name="testTransferBecomesIncome" class="TransactionTest" file="/var/www/cloudbudgets.com/protected/tests_yii/unit/models/TransactionTest.php" line="289" assertions="7" time="0.077006"/>
      <testcase name="testDeletingTransferDeletesTransferTransactionToo" class="TransactionTest" file="/var/www/cloudbudgets.com/protected/tests_yii/unit/models/TransactionTest.php" line="323" assertions="4" time="0.053656"/>
      <testcase name="testGetConnectedTransaction" class="TransactionTest" file="/var/www/cloudbudgets.com/protected/tests_yii/unit/models/TransactionTest.php" line="342" assertions="2" time="0.043138"/>
      <testcase name="testNotTransferTransationsGetConnectedTransactionGivesItself" class="TransactionTest" file="/var/www/cloudbudgets.com/protected/tests_yii/unit/models/TransactionTest.php" line="354" assertions="3" time="0.025176"/>
    </testsuite>
    <testsuite name="UserTest" file="/var/www/cloudbudgets.com/protected/tests_yii/unit/models/UserTest.php" tests="17" assertions="37" failures="0" errors="0" time="5.551098">
      <testcase name="testPasswordEncodedAfterRegister" class="UserTest" file="/var/www/cloudbudgets.com/protected/tests_yii/unit/models/UserTest.php" line="41" assertions="1" time="0.137514"/>
      <testcase name="testActivationCodeGeneratedAfterRegister" class="UserTest" file="/var/www/cloudbudgets.com/protected/tests_yii/unit/models/UserTest.php" line="56" assertions="1" time="0.232234"/>
      <testcase name="testStatusIsInactiveAfterRegister" class="UserTest" file="/var/www/cloudbudgets.com/protected/tests_yii/unit/models/UserTest.php" line="62" assertions="1" time="0.360234"/>
      <testcase name="testBaseCategoriesCreatedAfterRegister" class="UserTest" file="/var/www/cloudbudgets.com/protected/tests_yii/unit/models/UserTest.php" line="68" assertions="2" time="0.470110"/>
      <testcase name="testStatusIsActiveAfterRegisterVerify" class="UserTest" file="/var/www/cloudbudgets.com/protected/tests_yii/unit/models/UserTest.php" line="82" assertions="1" time="0.672907"/>
      <testcase name="testActivationCodeIsNullAfterRegisterVerify" class="UserTest" file="/var/www/cloudbudgets.com/protected/tests_yii/unit/models/UserTest.php" line="89" assertions="1" time="0.715582"/>
      <testcase name="testActiveScopeReturnsOnlyActiveUser" class="UserTest" file="/var/www/cloudbudgets.com/protected/tests_yii/unit/models/UserTest.php" line="96" assertions="3" time="0.816072"/>
      <testcase name="testInActiveScopeReturnsOnlyInActiveUser" class="UserTest" file="/var/www/cloudbudgets.com/protected/tests_yii/unit/models/UserTest.php" line="111" assertions="3" time="0.920837"/>
      <testcase name="testGetAccountByType" class="UserTest" file="/var/www/cloudbudgets.com/protected/tests_yii/unit/models/UserTest.php" line="126" assertions="0" time="1.052572"/>
      <testcase name="testGetAccountsAsDropDownListSource" class="UserTest" file="/var/www/cloudbudgets.com/protected/tests_yii/unit/models/UserTest.php" line="139" assertions="6" time="0.022096"/>
      <testcase name="testGetCategoriesAsDropDownListSource" class="UserTest" file="/var/www/cloudbudgets.com/protected/tests_yii/unit/models/UserTest.php" line="152" assertions="6" time="0.024521"/>
      <testcase name="testHasRightToOwnAccount" class="UserTest" file="/var/www/cloudbudgets.com/protected/tests_yii/unit/models/UserTest.php" line="165" assertions="2" time="0.021748"/>
      <testcase name="testDoesNotHaveRightToOthersAccount" class="UserTest" file="/var/www/cloudbudgets.com/protected/tests_yii/unit/models/UserTest.php" line="174" assertions="2" time="0.019597"/>
      <testcase name="testHasRightToOwnCategory" class="UserTest" file="/var/www/cloudbudgets.com/protected/tests_yii/unit/models/UserTest.php" line="183" assertions="2" time="0.021101"/>
      <testcase name="testDoesNotHaveRightToOthersCategory" class="UserTest" file="/var/www/cloudbudgets.com/protected/tests_yii/unit/models/UserTest.php" line="192" assertions="2" time="0.021447"/>
      <testcase name="testHasRightToOwnTransaction" class="UserTest" file="/var/www/cloudbudgets.com/protected/tests_yii/unit/models/UserTest.php" line="201" assertions="2" time="0.021269"/>
      <testcase name="testDoesNotHaveRightToOthersTransaction" class="UserTest" file="/var/www/cloudbudgets.com/protected/tests_yii/unit/models/UserTest.php" line="210" assertions="2" time="0.021256"/>
    </testsuite>
  </testsuite>
</testsuites>
