<?xml version="1.0" encoding="UTF-8"?>
<testsuites>
  <testsuite name="unit/" tests="41" assertions="140" failures="0" errors="0" time="7.249638">
    <testsuite name="UserIdentityTest" file="/var/www/cloudbudgets.com/protected/tests_yii/unit/components/UserIdentityTest.php" tests="4" assertions="9" failures="0" errors="0" time="0.075796">
      <testcase name="testEncodePassword" class="UserIdentityTest" file="/var/www/cloudbudgets.com/protected/tests_yii/unit/components/UserIdentityTest.php" line="10" assertions="1" time="0.053106"/>
      <testcase name="testLoginWithCorrectCredentials" class="UserIdentityTest" file="/var/www/cloudbudgets.com/protected/tests_yii/unit/components/UserIdentityTest.php" line="18" assertions="2" time="0.007536"/>
      <testcase name="testLoginWithIncorrectCorrectCredentials" class="UserIdentityTest" file="/var/www/cloudbudgets.com/protected/tests_yii/unit/components/UserIdentityTest.php" line="27" assertions="4" time="0.008259"/>
      <testcase name="testLoginUnsuccessfulWithInactiveUser" class="UserIdentityTest" file="/var/www/cloudbudgets.com/protected/tests_yii/unit/components/UserIdentityTest.php" line="40" assertions="2" time="0.006895"/>
    </testsuite>
    <testsuite name="AccountTest" file="/var/www/cloudbudgets.com/protected/tests_yii/unit/models/AccountTest.php" tests="7" assertions="21" failures="0" errors="0" time="0.141194">
      <testcase name="testActualBalanceFilledAfterCreate" class="AccountTest" file="/var/www/cloudbudgets.com/protected/tests_yii/unit/models/AccountTest.php" line="12" assertions="2" time="0.023734"/>
      <testcase name="testActualBalanceFilledWithInitialBalanceAfterCreate" class="AccountTest" file="/var/www/cloudbudgets.com/protected/tests_yii/unit/models/AccountTest.php" line="22" assertions="2" time="0.019535"/>
      <testcase name="testActiveScope" class="AccountTest" file="/var/www/cloudbudgets.com/protected/tests_yii/unit/models/AccountTest.php" line="33" assertions="6" time="0.019162"/>
      <testcase name="testDeleteWithDeletingTransactions" class="AccountTest" file="/var/www/cloudbudgets.com/protected/tests_yii/unit/models/AccountTest.php" line="51" assertions="3" time="0.020337"/>
      <testcase name="testMoveTransactionsToAccount" class="AccountTest" file="/var/www/cloudbudgets.com/protected/tests_yii/unit/models/AccountTest.php" line="64" assertions="4" time="0.021261"/>
      <testcase name="testGetOrCreateModelByName" class="AccountTest" file="/var/www/cloudbudgets.com/protected/tests_yii/unit/models/AccountTest.php" line="81" assertions="3" time="0.019911"/>
      <testcase name="testAttributeLabelsReturnsArray" class="AccountTest" file="/var/www/cloudbudgets.com/protected/tests_yii/unit/models/AccountTest.php" line="92" assertions="1" time="0.017254"/>
    </testsuite>
    <testsuite name="CategoryTest" file="/var/www/cloudbudgets.com/protected/tests_yii/unit/models/CategoryTest.php" tests="2" assertions="5" failures="0" errors="0" time="0.043198">
      <testcase name="testGetOrCreateModelByName" class="CategoryTest" file="/var/www/cloudbudgets.com/protected/tests_yii/unit/models/CategoryTest.php" line="11" assertions="2" time="0.025062"/>
      <testcase name="testGetOrCreateModelByNameWontReturnCategoryWithWrongUser" class="CategoryTest" file="/var/www/cloudbudgets.com/protected/tests_yii/unit/models/CategoryTest.php" line="24" assertions="3" time="0.018136"/>
    </testsuite>
    <testsuite name="CurrencyTest" file="/var/www/cloudbudgets.com/protected/tests_yii/unit/models/CurrencyTest.php" tests="1" assertions="1" failures="0" errors="0" time="0.000580">
      <testcase name="testAkarmi" class="CurrencyTest" file="/var/www/cloudbudgets.com/protected/tests_yii/unit/models/CurrencyTest.php" line="5" assertions="1" time="0.000580"/>
    </testsuite>
    <testsuite name="TransactionTest" file="/var/www/cloudbudgets.com/protected/tests_yii/unit/models/TransactionTest.php" tests="10" assertions="73" failures="0" errors="0" time="0.581980">
      <testcase name="testAmountIsNegativeWhenExpense" class="TransactionTest" file="/var/www/cloudbudgets.com/protected/tests_yii/unit/models/TransactionTest.php" line="12" assertions="2" time="0.078991"/>
      <testcase name="testAmountIsPositiveWhenIncome" class="TransactionTest" file="/var/www/cloudbudgets.com/protected/tests_yii/unit/models/TransactionTest.php" line="26" assertions="1" time="0.032318"/>
      <testcase name="testAccountsActualBalanceIsUpdated" class="TransactionTest" file="/var/www/cloudbudgets.com/protected/tests_yii/unit/models/TransactionTest.php" line="37" assertions="2" time="0.052623"/>
      <testcase name="testActualBalanceIsRightForAccount" class="TransactionTest" file="/var/www/cloudbudgets.com/protected/tests_yii/unit/models/TransactionTest.php" line="73" assertions="40" time="0.147125"/>
      <testcase name="testTransferNeedDifferentToAccount" class="TransactionTest" file="/var/www/cloudbudgets.com/protected/tests_yii/unit/models/TransactionTest.php" line="258" assertions="2" time="0.017943"/>
      <testcase name="testTransferTransactionIsCreatedAfterTransferSave" class="TransactionTest" file="/var/www/cloudbudgets.com/protected/tests_yii/unit/models/TransactionTest.php" line="268" assertions="10" time="0.044530"/>
      <testcase name="testTransferBecomesIncome" class="TransactionTest" file="/var/www/cloudbudgets.com/protected/tests_yii/unit/models/TransactionTest.php" line="288" assertions="7" time="0.082930"/>
      <testcase name="testDeletingTransferDeletesTransferTransactionToo" class="TransactionTest" file="/var/www/cloudbudgets.com/protected/tests_yii/unit/models/TransactionTest.php" line="322" assertions="4" time="0.054528"/>
      <testcase name="testGetConnectedTransaction" class="TransactionTest" file="/var/www/cloudbudgets.com/protected/tests_yii/unit/models/TransactionTest.php" line="341" assertions="2" time="0.043274"/>
      <testcase name="testNotTransferTransationsGetConnectedTransactionGivesItself" class="TransactionTest" file="/var/www/cloudbudgets.com/protected/tests_yii/unit/models/TransactionTest.php" line="353" assertions="3" time="0.027718"/>
    </testsuite>
    <testsuite name="UserTest" file="/var/www/cloudbudgets.com/protected/tests_yii/unit/models/UserTest.php" tests="17" assertions="31" failures="0" errors="0" time="6.406890">
      <testcase name="testPasswordEncodedAfterRegister" class="UserTest" file="/var/www/cloudbudgets.com/protected/tests_yii/unit/models/UserTest.php" line="41" assertions="1" time="0.159639"/>
      <testcase name="testActivationCodeGeneratedAfterRegister" class="UserTest" file="/var/www/cloudbudgets.com/protected/tests_yii/unit/models/UserTest.php" line="56" assertions="1" time="0.262641"/>
      <testcase name="testStatusIsInactiveAfterRegister" class="UserTest" file="/var/www/cloudbudgets.com/protected/tests_yii/unit/models/UserTest.php" line="62" assertions="1" time="0.385643"/>
      <testcase name="testBaseCategoriesCreatedAfterRegister" class="UserTest" file="/var/www/cloudbudgets.com/protected/tests_yii/unit/models/UserTest.php" line="68" assertions="2" time="0.540086"/>
      <testcase name="testStatusIsActiveAfterRegisterVerify" class="UserTest" file="/var/www/cloudbudgets.com/protected/tests_yii/unit/models/UserTest.php" line="82" assertions="1" time="0.770003"/>
      <testcase name="testActivationCodeIsNullAfterRegisterVerify" class="UserTest" file="/var/www/cloudbudgets.com/protected/tests_yii/unit/models/UserTest.php" line="89" assertions="1" time="0.830467"/>
      <testcase name="testActiveScopeReturnsOnlyActiveUser" class="UserTest" file="/var/www/cloudbudgets.com/protected/tests_yii/unit/models/UserTest.php" line="96" assertions="3" time="0.962233"/>
      <testcase name="testInActiveScopeReturnsOnlyInActiveUser" class="UserTest" file="/var/www/cloudbudgets.com/protected/tests_yii/unit/models/UserTest.php" line="111" assertions="3" time="1.070356"/>
      <testcase name="testGetAccountByType" class="UserTest" file="/var/www/cloudbudgets.com/protected/tests_yii/unit/models/UserTest.php" line="126" assertions="0" time="1.191335"/>
      <testcase name="testGetAccountsAsDropDownListSource" class="UserTest" file="/var/www/cloudbudgets.com/protected/tests_yii/unit/models/UserTest.php" line="139" assertions="6" time="0.077866"/>
      <testcase name="testGetCategoriesAsDropDownListSource" class="UserTest" file="/var/www/cloudbudgets.com/protected/tests_yii/unit/models/UserTest.php" line="152" assertions="0" time="0.022399"/>
      <testcase name="testHasRightToOwnAccount" class="UserTest" file="/var/www/cloudbudgets.com/protected/tests_yii/unit/models/UserTest.php" line="165" assertions="2" time="0.021248"/>
      <testcase name="testDoesNotHaveRightToOthersAccount" class="UserTest" file="/var/www/cloudbudgets.com/protected/tests_yii/unit/models/UserTest.php" line="174" assertions="2" time="0.022843"/>
      <testcase name="testHasRightToOwnCategory" class="UserTest" file="/var/www/cloudbudgets.com/protected/tests_yii/unit/models/UserTest.php" line="183" assertions="2" time="0.021206"/>
      <testcase name="testDoesNotHaveRightToOthersCategory" class="UserTest" file="/var/www/cloudbudgets.com/protected/tests_yii/unit/models/UserTest.php" line="192" assertions="2" time="0.022457"/>
      <testcase name="testHasRightToOwnTransaction" class="UserTest" file="/var/www/cloudbudgets.com/protected/tests_yii/unit/models/UserTest.php" line="201" assertions="2" time="0.023151"/>
      <testcase name="testDoesNotHaveRightToOthersTransaction" class="UserTest" file="/var/www/cloudbudgets.com/protected/tests_yii/unit/models/UserTest.php" line="210" assertions="2" time="0.023317"/>
    </testsuite>
  </testsuite>
</testsuites>
