<?xml version="1.0" encoding="UTF-8"?>
<testsuites>
  <testsuite name="unit" tests="40" assertions="138" failures="0" errors="0" time="16.260131">
    <testsuite name="UserIdentityTest" file="/var/www/learntosaveup.com/protected/tests/unit/components/UserIdentityTest.php" tests="4" assertions="9" failures="0" errors="0" time="0.922902">
      <testcase name="testEncodePassword" class="UserIdentityTest" file="/var/www/learntosaveup.com/protected/tests/unit/components/UserIdentityTest.php" line="10" assertions="1" time="0.558901"/>
      <testcase name="testLoginWithCorrectCredentials" class="UserIdentityTest" file="/var/www/learntosaveup.com/protected/tests/unit/components/UserIdentityTest.php" line="18" assertions="2" time="0.119828"/>
      <testcase name="testLoginWithIncorrectCorrectCredentials" class="UserIdentityTest" file="/var/www/learntosaveup.com/protected/tests/unit/components/UserIdentityTest.php" line="27" assertions="4" time="0.105165"/>
      <testcase name="testLoginUnsuccessfulWithInactiveUser" class="UserIdentityTest" file="/var/www/learntosaveup.com/protected/tests/unit/components/UserIdentityTest.php" line="40" assertions="2" time="0.139008"/>
    </testsuite>
    <testsuite name="AccountTest" file="/var/www/learntosaveup.com/protected/tests/unit/models/AccountTest.php" tests="7" assertions="21" failures="0" errors="0" time="2.071559">
      <testcase name="testActualBalanceFilledAfterCreate" class="AccountTest" file="/var/www/learntosaveup.com/protected/tests/unit/models/AccountTest.php" line="12" assertions="2" time="0.345913"/>
      <testcase name="testActualBalanceFilledWithInitialBalanceAfterCreate" class="AccountTest" file="/var/www/learntosaveup.com/protected/tests/unit/models/AccountTest.php" line="22" assertions="2" time="0.174304"/>
      <testcase name="testActiveScope" class="AccountTest" file="/var/www/learntosaveup.com/protected/tests/unit/models/AccountTest.php" line="33" assertions="6" time="0.360495"/>
      <testcase name="testDeleteWithDeletingTransactions" class="AccountTest" file="/var/www/learntosaveup.com/protected/tests/unit/models/AccountTest.php" line="51" assertions="3" time="0.318803"/>
      <testcase name="testMoveTransactionsToAccount" class="AccountTest" file="/var/www/learntosaveup.com/protected/tests/unit/models/AccountTest.php" line="64" assertions="4" time="0.354474"/>
      <testcase name="testGetOrCreateModelByName" class="AccountTest" file="/var/www/learntosaveup.com/protected/tests/unit/models/AccountTest.php" line="81" assertions="3" time="0.293919"/>
      <testcase name="testAttributeLabelsReturnsArray" class="AccountTest" file="/var/www/learntosaveup.com/protected/tests/unit/models/AccountTest.php" line="92" assertions="1" time="0.223651"/>
    </testsuite>
    <testsuite name="CategoryTest" file="/var/www/learntosaveup.com/protected/tests/unit/models/CategoryTest.php" tests="2" assertions="5" failures="0" errors="0" time="0.911124">
      <testcase name="testGetOrCreateModelByName" class="CategoryTest" file="/var/www/learntosaveup.com/protected/tests/unit/models/CategoryTest.php" line="11" assertions="2" time="0.488100"/>
      <testcase name="testGetOrCreateModelByNameWontReturnCategoryWithWrongUser" class="CategoryTest" file="/var/www/learntosaveup.com/protected/tests/unit/models/CategoryTest.php" line="24" assertions="3" time="0.423024"/>
    </testsuite>
    <testsuite name="CurrencyTest" file="/var/www/learntosaveup.com/protected/tests/unit/models/CurrencyTest.php" tests="1" assertions="1" failures="0" errors="0" time="0.005299">
      <testcase name="testAkarmi" class="CurrencyTest" file="/var/www/learntosaveup.com/protected/tests/unit/models/CurrencyTest.php" line="5" assertions="1" time="0.005299"/>
    </testsuite>
    <testsuite name="TransactioTest" file="/var/www/learntosaveup.com/protected/tests/unit/models/TransactionTest.php" tests="10" assertions="73" failures="0" errors="0" time="7.660687">
      <testcase name="testAmountIsNegativeWhenExpense" class="TransactioTest" file="/var/www/learntosaveup.com/protected/tests/unit/models/TransactionTest.php" line="12" assertions="2" time="0.488187"/>
      <testcase name="testAmountIsPositiveWhenIncome" class="TransactioTest" file="/var/www/learntosaveup.com/protected/tests/unit/models/TransactionTest.php" line="26" assertions="1" time="0.668230"/>
      <testcase name="testAccountsActualBalanceIsUpdated" class="TransactioTest" file="/var/www/learntosaveup.com/protected/tests/unit/models/TransactionTest.php" line="37" assertions="2" time="1.411812"/>
      <testcase name="testActualBalanceIsRightForAccount" class="TransactioTest" file="/var/www/learntosaveup.com/protected/tests/unit/models/TransactionTest.php" line="73" assertions="40" time="1.731907"/>
      <testcase name="testTransferNeedDifferentToAccount" class="TransactioTest" file="/var/www/learntosaveup.com/protected/tests/unit/models/TransactionTest.php" line="258" assertions="2" time="0.252307"/>
      <testcase name="testTransferTransactionIsCreatedAfterTransferSave" class="TransactioTest" file="/var/www/learntosaveup.com/protected/tests/unit/models/TransactionTest.php" line="268" assertions="10" time="0.494821"/>
      <testcase name="testTransferBecomesIncome" class="TransactioTest" file="/var/www/learntosaveup.com/protected/tests/unit/models/TransactionTest.php" line="288" assertions="7" time="0.918255"/>
      <testcase name="testDeletingTransferDeletesTransferTransactionToo" class="TransactioTest" file="/var/www/learntosaveup.com/protected/tests/unit/models/TransactionTest.php" line="322" assertions="4" time="0.658107"/>
      <testcase name="testGetConnectedTransaction" class="TransactioTest" file="/var/www/learntosaveup.com/protected/tests/unit/models/TransactionTest.php" line="341" assertions="2" time="0.735253"/>
      <testcase name="testNotTransferTransationsGetConnectedTransactionGivesItself" class="TransactioTest" file="/var/www/learntosaveup.com/protected/tests/unit/models/TransactionTest.php" line="353" assertions="3" time="0.301808"/>
    </testsuite>
    <testsuite name="UserTest" file="/var/www/learntosaveup.com/protected/tests/unit/models/UserTest.php" tests="16" assertions="29" failures="0" errors="0" time="4.688560">
      <testcase name="testPasswordEncodedAfterRegister" class="UserTest" file="/var/www/learntosaveup.com/protected/tests/unit/models/UserTest.php" line="41" assertions="1" time="0.373763"/>
      <testcase name="testActivationCodeGeneratedAfterRegister" class="UserTest" file="/var/www/learntosaveup.com/protected/tests/unit/models/UserTest.php" line="56" assertions="1" time="0.327080"/>
      <testcase name="testStatusIsInactiveAfterRegister" class="UserTest" file="/var/www/learntosaveup.com/protected/tests/unit/models/UserTest.php" line="62" assertions="1" time="0.362428"/>
      <testcase name="testStatusIsActiveAfterRegisterVerify" class="UserTest" file="/var/www/learntosaveup.com/protected/tests/unit/models/UserTest.php" line="68" assertions="1" time="0.342292"/>
      <testcase name="testActivationCodeIsNullAfterRegisterVerify" class="UserTest" file="/var/www/learntosaveup.com/protected/tests/unit/models/UserTest.php" line="75" assertions="1" time="0.305008"/>
      <testcase name="testActiveScopeReturnsOnlyActiveUser" class="UserTest" file="/var/www/learntosaveup.com/protected/tests/unit/models/UserTest.php" line="82" assertions="3" time="0.287915"/>
      <testcase name="testInActiveScopeReturnsOnlyInActiveUser" class="UserTest" file="/var/www/learntosaveup.com/protected/tests/unit/models/UserTest.php" line="97" assertions="3" time="0.275833"/>
      <testcase name="testGetAccountByType" class="UserTest" file="/var/www/learntosaveup.com/protected/tests/unit/models/UserTest.php" line="112" assertions="0" time="0.277893"/>
      <testcase name="testGetAccountsAsDropDownListSource" class="UserTest" file="/var/www/learntosaveup.com/protected/tests/unit/models/UserTest.php" line="125" assertions="6" time="0.262973"/>
      <testcase name="testGetCategoriesAsDropDownListSource" class="UserTest" file="/var/www/learntosaveup.com/protected/tests/unit/models/UserTest.php" line="138" assertions="0" time="0.226964"/>
      <testcase name="testHasRightToOwnAccount" class="UserTest" file="/var/www/learntosaveup.com/protected/tests/unit/models/UserTest.php" line="151" assertions="2" time="0.224322"/>
      <testcase name="testDoesNotHaveRightToOthersAccount" class="UserTest" file="/var/www/learntosaveup.com/protected/tests/unit/models/UserTest.php" line="160" assertions="2" time="0.385098"/>
      <testcase name="testHasRightToOwnCategory" class="UserTest" file="/var/www/learntosaveup.com/protected/tests/unit/models/UserTest.php" line="169" assertions="2" time="0.274413"/>
      <testcase name="testDoesNotHaveRightToOthersCategory" class="UserTest" file="/var/www/learntosaveup.com/protected/tests/unit/models/UserTest.php" line="178" assertions="2" time="0.229741"/>
      <testcase name="testHasRightToOwnTransaction" class="UserTest" file="/var/www/learntosaveup.com/protected/tests/unit/models/UserTest.php" line="187" assertions="2" time="0.254721"/>
      <testcase name="testDoesNotHaveRightToOthersTransaction" class="UserTest" file="/var/www/learntosaveup.com/protected/tests/unit/models/UserTest.php" line="196" assertions="2" time="0.278116"/>
    </testsuite>
  </testsuite>
</testsuites>
